consistency probe — 2× survey-thin on a fixed input
(temp root: /var/folders/8w/d2995gqn5_1g_wcqy7_tnqgw0000gn/T/vend-consistency-Dh6mS3 — ledger + board are disposable; per-cast tokens: 300000)
· system (hook_started)
· system (hook_started)
· system (hook_response)
· system (hook_response)
· system (init)
· system (thinking_tokens)
· system (thinking_tokens)
· system (thinking_tokens)
· assistant
· assistant
· rate_limit_event
· result (success)
· effect ✓ staged /var/folders/8w/d2995gqn5_1g_wcqy7_tnqgw0000gn/T/vend-consistency-Dh6mS3/docs/active/pm/staged/survey-board.md
· turns: 1
  survey 1/2: success → honest-empty
· system (hook_started)
· system (hook_started)
· system (hook_response)
· system (hook_response)
· system (init)
· system (thinking_tokens)
· system (thinking_tokens)
· system (thinking_tokens)
· system (thinking_tokens)
· system (thinking_tokens)
· assistant
· assistant
· rate_limit_event
· result (success)
· effect ✓ staged /var/folders/8w/d2995gqn5_1g_wcqy7_tnqgw0000gn/T/vend-consistency-Dh6mS3/docs/active/pm/staged/survey-board.md
· turns: 1
  survey 2/2: success → honest-empty

run-to-run signal dispersion: 0.00 over 0 (signal 0 · honest-empty 2 · budget-exhausted 0 (of 2); honest-empty rate 100%) — ⚠ signal arm too small to disperse — dispersion not meaningful
raw run-log outcomes: success 2
