equivalence judge — 3× expand on a fixed input, then a per-pair judge cast
(temp root: /var/folders/8w/d2995gqn5_1g_wcqy7_tnqgw0000gn/T/vend-equivalence-xEUGy5 — ledger + board are disposable; per-cast tokens: 250000)
· system (hook_started)
· system (hook_started)
· system (hook_response)
· system (hook_response)
· system (init)
· system (thinking_tokens)
· system (thinking_tokens)
· system (thinking_tokens)
· system (thinking_tokens)
· system (thinking_tokens)
· system (thinking_tokens)
· assistant
· assistant
· rate_limit_event
· user
· system (thinking_tokens)
· system (thinking_tokens)
· assistant
· assistant
· result (success)
· effect ✓ staged /var/folders/8w/d2995gqn5_1g_wcqy7_tnqgw0000gn/T/vend-equivalence-xEUGy5/docs/active/pm/staged/thread-castplay-s-structured-stop-reason-gate-name-unit-or-s.md
· turns: 2
  expand-fragment 1/3: success → signal
· system (hook_started)
· system (hook_started)
· system (hook_response)
· system (hook_response)
· system (init)
· system (thinking_tokens)
· system (thinking_tokens)
· system (thinking_tokens)
· system (thinking_tokens)
· system (thinking_tokens)
· system (thinking_tokens)
· system (thinking_tokens)
· assistant
· assistant
· rate_limit_event
· user
· system (thinking_tokens)
· system (thinking_tokens)
· assistant
· assistant
· result (success)
· effect ✓ staged /var/folders/8w/d2995gqn5_1g_wcqy7_tnqgw0000gn/T/vend-equivalence-xEUGy5/docs/active/pm/staged/thread-castplay-s-structured-stop-reason-the-gate-name-unit.md
· turns: 2
  expand-fragment 2/3: success → signal
· system (hook_started)
· system (hook_started)
· system (hook_response)
· system (hook_response)
· system (init)
· system (thinking_tokens)
· system (thinking_tokens)
· system (thinking_tokens)
· assistant
· assistant
· user
· rate_limit_event
· assistant
· assistant
· result (success)
· effect ✓ staged /var/folders/8w/d2995gqn5_1g_wcqy7_tnqgw0000gn/T/vend-equivalence-xEUGy5/docs/active/pm/staged/thread-castplay-s-structured-stop-reason-gate-name-unit-or-s.md
· turns: 2
  expand-fragment 3/3: success → signal

run-to-run signal dispersion: 0.50 over 3 (signal 3 · honest-empty 0 · budget-exhausted 0 (of 3); honest-empty rate 0%)
semantic equivalence: equivalent-diversity (score 1.00) (3 equivalent · 0 divergent of 3 pairs over 3 outputs)
