### expand-thin N=2 (off-topic non-sequitur fragment) ###
consistency probe — 2× expand-thin on a fixed input
(temp root: /var/folders/8w/d2995gqn5_1g_wcqy7_tnqgw0000gn/T/vend-consistency-ftzsZz — ledger + board are disposable; per-cast tokens: 250000)
· system (hook_started)
· system (hook_started)
· system (hook_response)
· system (hook_response)
· system (init)
· system (thinking_tokens)
· system (thinking_tokens)
· assistant
· assistant
· rate_limit_event
· user
· assistant
· assistant
· user
· system (notification)
· system (thinking_tokens)
· system (thinking_tokens)
· assistant
· assistant
· user
· system (thinking_tokens)
· system (thinking_tokens)
· system (thinking_tokens)
· system (thinking_tokens)
· assistant
· assistant
· assistant
· user
· system (thinking_tokens)
· system (thinking_tokens)
· system (thinking_tokens)
· system (thinking_tokens)
· assistant
· assistant
· assistant
· user
· assistant
· user
· system (thinking_tokens)
· system (thinking_tokens)
· assistant
· assistant
· assistant
