### survey-thin N=2 ###
consistency probe — 2× survey-thin on a fixed input
(temp root: /var/folders/8w/d2995gqn5_1g_wcqy7_tnqgw0000gn/T/vend-consistency-CPorxb — ledger + board are disposable; per-cast tokens: 300000)
· system (hook_started)
· system (hook_started)
· system (hook_response)
· system (hook_response)
· system (init)
· system (thinking_tokens)
· system (thinking_tokens)
· system (thinking_tokens)
· system (thinking_tokens)
· assistant
· assistant
· rate_limit_event
· user
· system (thinking_tokens)
· system (thinking_tokens)
· assistant
· assistant
· user
· system (notification)
· system (thinking_tokens)
· system (thinking_tokens)
· assistant
· assistant
· user
· system (thinking_tokens)
· system (thinking_tokens)
· system (thinking_tokens)
· assistant
· assistant
· assistant
· user
· system (thinking_tokens)
· system (thinking_tokens)
· system (thinking_tokens)
· system (thinking_tokens)
· assistant
· assistant
· assistant
· user
· assistant
· assistant
· user
· assistant
· user
· assistant
· assistant
· assistant
· user
· system (thinking_tokens)
· system (thinking_tokens)
· system (thinking_tokens)
· assistant
· assistant
· assistant
· user
· system (thinking_tokens)
· system (thinking_tokens)
· assistant
· assistant
· user
· system (thinking_tokens)
· system (thinking_tokens)
· system (thinking_tokens)
· system (thinking_tokens)
· system (thinking_tokens)
· assistant
· assistant
· assistant
· user
· system (thinking_tokens)
· system (thinking_tokens)
· system (thinking_tokens)
· system (thinking_tokens)
· system (thinking_tokens)
· system (thinking_tokens)
· assistant
· assistant
· assistant
· user
· assistant
· user
· assistant
· result (success)
· andon: budget-exhausted — spent 635766/300000 tokens (over by 335766)
· turns: 14
  survey 1/2: budget-exhausted → budget-exhausted
· system (hook_started)
· system (hook_started)
· system (hook_response)
· system (hook_response)
· system (init)
· system (thinking_tokens)
· system (thinking_tokens)
· system (thinking_tokens)
· system (thinking_tokens)
· system (thinking_tokens)
· system (thinking_tokens)
· assistant
· assistant
· rate_limit_event
· user
· system (thinking_tokens)
· system (thinking_tokens)
· assistant
