equivalence judge — 3× steer on a fixed input, then a per-pair judge cast
(temp root: /var/folders/8w/d2995gqn5_1g_wcqy7_tnqgw0000gn/T/vend-equivalence-ZrpKFV — ledger + board are disposable; per-cast tokens: 400000)
· system (hook_started)
· system (hook_started)
· system (hook_response)
· system (hook_response)
· system (init)
· system (thinking_tokens)
· system (thinking_tokens)
· system (thinking_tokens)
· system (thinking_tokens)
· system (thinking_tokens)
· system (thinking_tokens)
· system (thinking_tokens)
· system (thinking_tokens)
· system (thinking_tokens)
· system (thinking_tokens)
· system (thinking_tokens)
· system (thinking_tokens)
· system (thinking_tokens)
· system (thinking_tokens)
· system (thinking_tokens)
· system (thinking_tokens)
· system (thinking_tokens)
· system (thinking_tokens)
· system (thinking_tokens)
· system (thinking_tokens)
· system (thinking_tokens)
· system (thinking_tokens)
· system (thinking_tokens)
· system (thinking_tokens)
· system (thinking_tokens)
· system (thinking_tokens)
· system (thinking_tokens)
· system (thinking_tokens)
· system (thinking_tokens)
· system (thinking_tokens)
· system (thinking_tokens)
· system (thinking_tokens)
· system (thinking_tokens)
· system (thinking_tokens)
· system (thinking_tokens)
· system (thinking_tokens)
· system (thinking_tokens)
· system (thinking_tokens)
· assistant
· assistant
· rate_limit_event
· result (success)
· effect ✓ staged /var/folders/8w/d2995gqn5_1g_wcqy7_tnqgw0000gn/T/vend-equivalence-ZrpKFV/docs/active/pm/staged/steer.md
· turns: 1
  steer 1/3: success → signal
· system (hook_started)
· system (hook_started)
· system (hook_response)
· system (hook_response)
· system (init)
· system (thinking_tokens)
· system (thinking_tokens)
· system (thinking_tokens)
· system (thinking_tokens)
· system (thinking_tokens)
· system (thinking_tokens)
· system (thinking_tokens)
· system (thinking_tokens)
· system (thinking_tokens)
· system (thinking_tokens)
· system (thinking_tokens)
· system (thinking_tokens)
· system (thinking_tokens)
· system (thinking_tokens)
· system (thinking_tokens)
· system (thinking_tokens)
· system (thinking_tokens)
· system (thinking_tokens)
· system (thinking_tokens)
· system (thinking_tokens)
· assistant
· assistant
· rate_limit_event
· result (success)
· effect ✓ staged /var/folders/8w/d2995gqn5_1g_wcqy7_tnqgw0000gn/T/vend-equivalence-ZrpKFV/docs/active/pm/staged/steer.md
· turns: 1
  steer 2/3: success → signal
· system (hook_started)
· system (hook_started)
· system (hook_response)
· system (hook_response)
· system (init)
· system (thinking_tokens)
· system (thinking_tokens)
· system (thinking_tokens)
· system (thinking_tokens)
· system (thinking_tokens)
· system (thinking_tokens)
· system (thinking_tokens)
· system (thinking_tokens)
· system (thinking_tokens)
· system (thinking_tokens)
· system (thinking_tokens)
· system (thinking_tokens)
· system (thinking_tokens)
· system (thinking_tokens)
· system (thinking_tokens)
· system (thinking_tokens)
· system (thinking_tokens)
· system (thinking_tokens)
· system (thinking_tokens)
· system (thinking_tokens)
· system (thinking_tokens)
· system (thinking_tokens)
· system (thinking_tokens)
· system (thinking_tokens)
· system (thinking_tokens)
· assistant
· assistant
· rate_limit_event
· user
· system (thinking_tokens)
· system (thinking_tokens)
· assistant
· assistant
· result (success)
· effect ✓ staged /var/folders/8w/d2995gqn5_1g_wcqy7_tnqgw0000gn/T/vend-equivalence-ZrpKFV/docs/active/pm/staged/steer.md
· turns: 2
  steer 3/3: success → signal

run-to-run signal dispersion: 0.80 over 3 (signal 3 · honest-empty 0 · budget-exhausted 0 (of 3); honest-empty rate 0%)
semantic equivalence: equivalent-diversity (score 1.00) (3 equivalent · 0 divergent of 3 pairs over 3 outputs)
